=== PART-01-INCOME-SENTINEL ===
Importing /Users/sam/FlowWage/flowwage_workflow/workflows/FLOWWAGE_01_INCOME_SENTINEL.workflow.json
workflow_id=xosyp2koyrt3rwcdgvg57
execution_id=038hsbeqwfpbvzjpok3os
status=running
status=success
{
  "status": "success",
  "nodeStatuses": [
    {
      "nodeId": "sf-balance",
      "status": "success"
    },
    {
      "nodeId": "sablier-sub",
      "status": "success"
    },
    {
      "nodeId": "trigger-1",
      "status": "success"
    },
    {
      "nodeId": "sf-incoming",
      "status": "success"
    },
    {
      "nodeId": "sf-events",
      "status": "success"
    },
    {
      "nodeId": "rf-sub",
      "status": "success"
    },
    {
      "nodeId": "rf-history",
      "status": "success"
    },
    {
      "nodeId": "threshold",
      "status": "success"
    },
    {
      "nodeId": "web3-balance",
      "status": "success"
    },
    {
      "nodeId": "sablier-state",
      "status": "success"
    },
    {
      "nodeId": "sablier-unlock",
      "status": "success"
    },
    {
      "nodeId": "alloc",
      "status": "success"
    }
  ],
  "progress": {
    "totalSteps": 0,
    "completedSteps": 12,
    "runningSteps": 0,
    "currentNodeId": null,
    "currentNodeName": null,
    "percentage": 0
  },
  "errorContext": null
}
=== PART-02-XMTP-INBOX-TRIGGER ===
Importing /Users/sam/FlowWage/flowwage_workflow/workflows/FLOWWAGE_05_XMTP_INBOX_TRIGGER.workflow.json
workflow_id=7ehv7kfryn8g8c2cixdqt
execution_id=twmof7zd880k8rhdc98sg
status=running
status=running
status=running
status=success
{
  "status": "success",
  "nodeStatuses": [
    {
      "nodeId": "xmtp-sub",
      "status": "success"
    },
    {
      "nodeId": "xmtp-parse",
      "status": "success"
    },
    {
      "nodeId": "xmtp-ack",
      "status": "success"
    },
    {
      "nodeId": "trigger-1",
      "status": "success"
    }
  ],
  "progress": {
    "totalSteps": 0,
    "completedSteps": 4,
    "runningSteps": 0,
    "currentNodeId": null,
    "currentNodeName": null,
    "percentage": 0
  },
  "errorContext": null
}
=== PART-03-EXECUTION-GATE ===
Importing /Users/sam/FlowWage/flowwage_workflow/workflows/FLOWWAGE_02_EXECUTION_GATE.workflow.json
workflow_id=8ppaiaybqui2tq9xroy0a
execution_id=n3kpvurarv2qlttgfcnxp
status=running
status=running
status=running
status=running
status=running
status=running
status=running
status=running
status=running
status=running
status=running
status=success
{
  "status": "success",
  "nodeStatuses": [
    {
      "nodeId": "convert-check",
      "status": "success"
    },
    {
      "nodeId": "persona-status",
      "status": "success"
    },
    {
      "nodeId": "persona-approved",
      "status": "success"
    },
    {
      "nodeId": "off-corridors",
      "status": "success"
    },
    {
      "nodeId": "rate-window",
      "status": "success"
    },
    {
      "nodeId": "trigger-1",
      "status": "success"
    },
    {
      "nodeId": "alloc",
      "status": "success"
    },
    {
      "nodeId": "off-quote",
      "status": "success"
    },
    {
      "nodeId": "xmtp-parse",
      "status": "success"
    },
    {
      "nodeId": "persona-corridors",
      "status": "success"
    },
    {
      "nodeId": "off-rate",
      "status": "success"
    },
    {
      "nodeId": "super-route",
      "status": "success"
    },
    {
      "nodeId": "off-convert",
      "status": "success"
    },
    {
      "nodeId": "persona-limits",
      "status": "success"
    },
    {
      "nodeId": "persona-webhook-sub",
      "status": "success"
    },
    {
      "nodeId": "super-poll",
      "status": "success"
    },
    {
      "nodeId": "off-status",
      "status": "success"
    },
    {
      "nodeId": "recurring-transfer",
      "status": "success"
    },
    {
      "nodeId": "super-init",
      "status": "success"
    },
    {
      "nodeId": "xmtp-receipt",
      "status": "success"
    },
    {
      "nodeId": "xmtp-final",
      "status": "success"
    }
  ],
  "progress": {
    "totalSteps": 0,
    "completedSteps": 21,
    "runningSteps": 0,
    "currentNodeId": null,
    "currentNodeName": null,
    "percentage": 0
  },
  "errorContext": null
}
=== PART-04-DEFERRED-RESUME ===
Importing /Users/sam/FlowWage/flowwage_workflow/workflows/FLOWWAGE_03_DEFERRED_RESUME.workflow.json
workflow_id=98ktcfscae4zq77wnfhc9
execution_id=8nt0ek3bc9g5srafnk653
status=running
status=running
status=running
status=success
{
  "status": "success",
  "nodeStatuses": [
    {
      "nodeId": "approved",
      "status": "success"
    },
    {
      "nodeId": "trigger-1",
      "status": "success"
    },
    {
      "nodeId": "persona-status",
      "status": "success"
    },
    {
      "nodeId": "persona-corridors",
      "status": "success"
    },
    {
      "nodeId": "persona-limits",
      "status": "success"
    },
    {
      "nodeId": "notify-wait",
      "status": "success"
    }
  ],
  "progress": {
    "totalSteps": 0,
    "completedSteps": 6,
    "runningSteps": 0,
    "currentNodeId": null,
    "currentNodeName": null,
    "percentage": 0
  },
  "errorContext": null
}
=== PART-05-WEEKLY-REBALANCER ===
Importing /Users/sam/FlowWage/flowwage_workflow/workflows/FLOWWAGE_04_WEEKLY_REBALANCER.workflow.json
workflow_id=mjjqewszd7o99s258x8p1
execution_id=06y7fsdjv48jc0l1v7262
status=running
status=error
{
  "status": "error",
  "nodeStatuses": [
    {
      "nodeId": "apyrule",
      "status": "success"
    },
    {
      "nodeId": "trigger-1",
      "status": "success"
    },
    {
      "nodeId": "balance",
      "status": "success"
    },
    {
      "nodeId": "rebalance-check",
      "status": "success"
    },
    {
      "nodeId": "init-transfer",
      "status": "success"
    },
    {
      "nodeId": "poll-transfer",
      "status": "error"
    },
    {
      "nodeId": "route-quote",
      "status": "success"
    }
  ],
  "progress": {
    "totalSteps": 0,
    "completedSteps": 7,
    "runningSteps": 0,
    "currentNodeId": null,
    "currentNodeName": null,
    "percentage": 0
  },
  "errorContext": {
    "failedNodeId": null,
    "lastSuccessfulNodeId": "init-transfer",
    "lastSuccessfulNodeName": "Initiate Rebalance Route",
    "executionTrace": [
      "trigger-1",
      "balance",
      "apyrule",
      "rebalance-check",
      "route-quote",
      "init-transfer",
      "poll-transfer"
    ],
    "error": "Failed to poll transfer status: Across API request failed with HTTP 404: {\"error\":\"DepositNotFoundException\",\"message\":\"Deposit not found given the provided constraints\"}"
  }
}
SUITE_LOG=/Users/sam/FlowWage/flowwage_workflow/logs/full-flow-suite-20260503-142038.log
SUITE_REPORT=/Users/sam/FlowWage/flowwage_workflow/logs/full-flow-suite-20260503-142038.report.json
