=== PART-01-INCOME-SENTINEL ===
Importing /Users/sam/FlowWage/flowwage_workflow/workflows/FLOWWAGE_01_INCOME_SENTINEL.workflow.json
workflow_id=i9s50z4q9rsjfa3bbxqks
execution_id=bc2621dmcac0yj50eqyum
status=success
{
  "status": "success",
  "nodeStatuses": [
    {
      "nodeId": "trigger-1",
      "status": "success"
    },
    {
      "nodeId": "sablier-sub",
      "status": "success"
    },
    {
      "nodeId": "rf-history",
      "status": "success"
    },
    {
      "nodeId": "rf-sub",
      "status": "success"
    },
    {
      "nodeId": "sf-events",
      "status": "success"
    },
    {
      "nodeId": "sf-incoming",
      "status": "success"
    },
    {
      "nodeId": "sablier-unlock",
      "status": "success"
    },
    {
      "nodeId": "alloc",
      "status": "success"
    },
    {
      "nodeId": "sablier-state",
      "status": "success"
    },
    {
      "nodeId": "web3-balance",
      "status": "success"
    },
    {
      "nodeId": "sf-balance",
      "status": "success"
    },
    {
      "nodeId": "threshold",
      "status": "success"
    }
  ],
  "progress": {
    "totalSteps": 0,
    "completedSteps": 11,
    "runningSteps": 0,
    "currentNodeId": null,
    "currentNodeName": null,
    "percentage": 0
  },
  "errorContext": null
}
=== PART-02-XMTP-INBOX-TRIGGER ===
Importing /Users/sam/FlowWage/flowwage_workflow/workflows/FLOWWAGE_05_XMTP_INBOX_TRIGGER.workflow.json
workflow_id=km78f4lgn7lgk25e2fnm4
execution_id=bh7gk5b87d5ws12u2lq57
status=running
status=running
status=running
status=success
{
  "status": "success",
  "nodeStatuses": [
    {
      "nodeId": "xmtp-sub",
      "status": "success"
    },
    {
      "nodeId": "xmtp-ack",
      "status": "success"
    },
    {
      "nodeId": "trigger-1",
      "status": "success"
    },
    {
      "nodeId": "xmtp-parse",
      "status": "success"
    }
  ],
  "progress": {
    "totalSteps": 0,
    "completedSteps": 4,
    "runningSteps": 0,
    "currentNodeId": null,
    "currentNodeName": null,
    "percentage": 0
  },
  "errorContext": null
}
=== PART-03-EXECUTION-GATE ===
Importing /Users/sam/FlowWage/flowwage_workflow/workflows/FLOWWAGE_02_EXECUTION_GATE.workflow.json
workflow_id=jkhnnfxmhguo4z321mhzu
execution_id=ptg62px7c79ub0rm0ifln
status=running
status=running
status=running
status=running
status=success
{
  "status": "success",
  "nodeStatuses": [
    {
      "nodeId": "convert-check",
      "status": "success"
    },
    {
      "nodeId": "persona-limits",
      "status": "success"
    },
    {
      "nodeId": "trigger-1",
      "status": "success"
    },
    {
      "nodeId": "xmtp-kyc",
      "status": "success"
    },
    {
      "nodeId": "xmtp-parse",
      "status": "success"
    },
    {
      "nodeId": "persona-corridors",
      "status": "success"
    },
    {
      "nodeId": "alloc",
      "status": "success"
    },
    {
      "nodeId": "persona-status",
      "status": "success"
    },
    {
      "nodeId": "persona-webhook-sub",
      "status": "success"
    },
    {
      "nodeId": "persona-approved",
      "status": "success"
    },
    {
      "nodeId": "persona-create",
      "status": "success"
    }
  ],
  "progress": {
    "totalSteps": 0,
    "completedSteps": 11,
    "runningSteps": 0,
    "currentNodeId": null,
    "currentNodeName": null,
    "percentage": 0
  },
  "errorContext": null
}
=== PART-04-DEFERRED-RESUME ===
Importing /Users/sam/FlowWage/flowwage_workflow/workflows/FLOWWAGE_03_DEFERRED_RESUME.workflow.json
workflow_id=969vpuakzmt0r1l9j3h8t
execution_id=p5u6yknv6x6wafo3b7u50
status=running
status=running
status=running
status=success
{
  "status": "success",
  "nodeStatuses": [
    {
      "nodeId": "notify-wait",
      "status": "success"
    },
    {
      "nodeId": "trigger-1",
      "status": "success"
    },
    {
      "nodeId": "persona-status",
      "status": "success"
    },
    {
      "nodeId": "persona-corridors",
      "status": "success"
    },
    {
      "nodeId": "persona-limits",
      "status": "success"
    },
    {
      "nodeId": "approved",
      "status": "success"
    }
  ],
  "progress": {
    "totalSteps": 0,
    "completedSteps": 6,
    "runningSteps": 0,
    "currentNodeId": null,
    "currentNodeName": null,
    "percentage": 0
  },
  "errorContext": null
}
=== PART-05-WEEKLY-REBALANCER ===
Importing /Users/sam/FlowWage/flowwage_workflow/workflows/FLOWWAGE_04_WEEKLY_REBALANCER.workflow.json
workflow_id=d0x0zust94qplczu60ynk
execution_id=5zq3uj4d8n4mav9wyf63q
status=running
status=running
status=success
{
  "status": "success",
  "nodeStatuses": [
    {
      "nodeId": "balance",
      "status": "success"
    },
    {
      "nodeId": "apyrule",
      "status": "success"
    },
    {
      "nodeId": "xmtp-skip",
      "status": "success"
    },
    {
      "nodeId": "rebalance-check",
      "status": "success"
    },
    {
      "nodeId": "trigger-1",
      "status": "success"
    }
  ],
  "progress": {
    "totalSteps": 0,
    "completedSteps": 5,
    "runningSteps": 0,
    "currentNodeId": null,
    "currentNodeName": null,
    "percentage": 0
  },
  "errorContext": null
}
SUITE_LOG=/Users/sam/FlowWage/flowwage_workflow/logs/full-flow-suite-20260503-134653.log
SUITE_REPORT=/Users/sam/FlowWage/flowwage_workflow/logs/full-flow-suite-20260503-134653.report.json
