=== PART-01-INCOME-SENTINEL ===
Importing /Users/sam/FlowWage/flowwage_workflow/workflows/FLOWWAGE_01_INCOME_SENTINEL.workflow.json
workflow_id=rxokjxf43sbe449nyw28h
execution_id=n3tnzrrpk26fn8q61kyyo
status=success
{
  "status": "success",
  "nodeStatuses": [
    {
      "nodeId": "sf-events",
      "status": "success"
    },
    {
      "nodeId": "sablier-state",
      "status": "success"
    },
    {
      "nodeId": "sablier-unlock",
      "status": "success"
    },
    {
      "nodeId": "sablier-sub",
      "status": "success"
    },
    {
      "nodeId": "trigger-1",
      "status": "success"
    },
    {
      "nodeId": "rf-sub",
      "status": "success"
    },
    {
      "nodeId": "rf-history",
      "status": "success"
    },
    {
      "nodeId": "sf-incoming",
      "status": "success"
    },
    {
      "nodeId": "sf-balance",
      "status": "success"
    },
    {
      "nodeId": "web3-balance",
      "status": "success"
    },
    {
      "nodeId": "threshold",
      "status": "success"
    },
    {
      "nodeId": "alloc",
      "status": "success"
    }
  ],
  "progress": {
    "totalSteps": 0,
    "completedSteps": 12,
    "runningSteps": 0,
    "currentNodeId": null,
    "currentNodeName": null,
    "percentage": 0
  },
  "errorContext": null
}
=== PART-02-XMTP-INBOX-TRIGGER ===
Importing /Users/sam/FlowWage/flowwage_workflow/workflows/FLOWWAGE_05_XMTP_INBOX_TRIGGER.workflow.json
workflow_id=7reb3ao8yxign6z51es9o
execution_id=ahnk7kfct214oriofkim3
status=running
status=running
status=running
status=success
{
  "status": "success",
  "nodeStatuses": [
    {
      "nodeId": "trigger-1",
      "status": "success"
    },
    {
      "nodeId": "xmtp-parse",
      "status": "success"
    },
    {
      "nodeId": "xmtp-ack",
      "status": "success"
    },
    {
      "nodeId": "xmtp-sub",
      "status": "success"
    }
  ],
  "progress": {
    "totalSteps": 0,
    "completedSteps": 4,
    "runningSteps": 0,
    "currentNodeId": null,
    "currentNodeName": null,
    "percentage": 0
  },
  "errorContext": null
}
=== PART-03-EXECUTION-GATE ===
Importing /Users/sam/FlowWage/flowwage_workflow/workflows/FLOWWAGE_02_EXECUTION_GATE.workflow.json
workflow_id=f6rqeejj2sxgertodn06j
execution_id=uqpjm83btuqszothuxaq9
status=running
status=running
status=running
status=running
status=running
status=running
status=running
status=running
status=running
status=running
status=running
status=running
status=running
status=running
status=success
{
  "status": "success",
  "nodeStatuses": [
    {
      "nodeId": "off-rate",
      "status": "success"
    },
    {
      "nodeId": "rate-window",
      "status": "success"
    },
    {
      "nodeId": "xmtp-parse",
      "status": "success"
    },
    {
      "nodeId": "convert-check",
      "status": "success"
    },
    {
      "nodeId": "trigger-1",
      "status": "success"
    },
    {
      "nodeId": "alloc",
      "status": "success"
    },
    {
      "nodeId": "persona-webhook-sub",
      "status": "success"
    },
    {
      "nodeId": "off-corridors",
      "status": "success"
    },
    {
      "nodeId": "super-route",
      "status": "success"
    },
    {
      "nodeId": "off-status",
      "status": "success"
    },
    {
      "nodeId": "recurring-transfer",
      "status": "success"
    },
    {
      "nodeId": "persona-status",
      "status": "success"
    },
    {
      "nodeId": "persona-corridors",
      "status": "success"
    },
    {
      "nodeId": "persona-limits",
      "status": "success"
    },
    {
      "nodeId": "persona-approved",
      "status": "success"
    },
    {
      "nodeId": "off-quote",
      "status": "success"
    },
    {
      "nodeId": "super-init",
      "status": "success"
    },
    {
      "nodeId": "super-poll",
      "status": "success"
    },
    {
      "nodeId": "off-convert",
      "status": "success"
    },
    {
      "nodeId": "xmtp-final",
      "status": "success"
    },
    {
      "nodeId": "xmtp-receipt",
      "status": "success"
    }
  ],
  "progress": {
    "totalSteps": 0,
    "completedSteps": 21,
    "runningSteps": 0,
    "currentNodeId": null,
    "currentNodeName": null,
    "percentage": 0
  },
  "errorContext": null
}
=== PART-04-DEFERRED-RESUME ===
Importing /Users/sam/FlowWage/flowwage_workflow/workflows/FLOWWAGE_03_DEFERRED_RESUME.workflow.json
workflow_id=3m8xi8rsbxfj7ckfxtste
execution_id=3cmerq43s8un7v0gvlex3
status=running
status=running
status=running
status=success
{
  "status": "success",
  "nodeStatuses": [
    {
      "nodeId": "trigger-1",
      "status": "success"
    },
    {
      "nodeId": "persona-limits",
      "status": "success"
    },
    {
      "nodeId": "persona-status",
      "status": "success"
    },
    {
      "nodeId": "persona-corridors",
      "status": "success"
    },
    {
      "nodeId": "approved",
      "status": "success"
    },
    {
      "nodeId": "notify-wait",
      "status": "success"
    }
  ],
  "progress": {
    "totalSteps": 0,
    "completedSteps": 6,
    "runningSteps": 0,
    "currentNodeId": null,
    "currentNodeName": null,
    "percentage": 0
  },
  "errorContext": null
}
=== PART-05-WEEKLY-REBALANCER ===
Importing /Users/sam/FlowWage/flowwage_workflow/workflows/FLOWWAGE_04_WEEKLY_REBALANCER.workflow.json
workflow_id=1o2swpkjyork92u3xlw67
execution_id=ykn5x6vk6lcpuq7s4tlzf
status=running
status=running
status=running
status=running
status=running
status=running
status=success
{
  "status": "success",
  "nodeStatuses": [
    {
      "nodeId": "rebalance-check",
      "status": "success"
    },
    {
      "nodeId": "balance",
      "status": "success"
    },
    {
      "nodeId": "trigger-1",
      "status": "success"
    },
    {
      "nodeId": "apyrule",
      "status": "success"
    },
    {
      "nodeId": "route-quote",
      "status": "success"
    },
    {
      "nodeId": "init-transfer",
      "status": "success"
    },
    {
      "nodeId": "poll-transfer",
      "status": "success"
    },
    {
      "nodeId": "xmtp-ok",
      "status": "success"
    }
  ],
  "progress": {
    "totalSteps": 0,
    "completedSteps": 8,
    "runningSteps": 0,
    "currentNodeId": null,
    "currentNodeName": null,
    "percentage": 0
  },
  "errorContext": null
}
SUITE_LOG=/Users/sam/FlowWage/flowwage_workflow/logs/full-flow-suite-20260503-150530.log
SUITE_REPORT=/Users/sam/FlowWage/flowwage_workflow/logs/full-flow-suite-20260503-150530.report.json
