=== PART-01-INCOME-SENTINEL ===
Importing /Users/sam/FlowWage/flowwage_workflow/workflows/FLOWWAGE_01_INCOME_SENTINEL.workflow.json
workflow_id=ujzwgbv3f4niccvzjbva6
execution_id=iae939tl9togg7hxg9x5d
status=success
{
  "status": "success",
  "nodeStatuses": [
    {
      "nodeId": "trigger-1",
      "status": "success"
    },
    {
      "nodeId": "sf-events",
      "status": "success"
    },
    {
      "nodeId": "rf-sub",
      "status": "success"
    },
    {
      "nodeId": "rf-history",
      "status": "success"
    },
    {
      "nodeId": "sablier-sub",
      "status": "success"
    },
    {
      "nodeId": "sf-incoming",
      "status": "success"
    },
    {
      "nodeId": "web3-balance",
      "status": "success"
    },
    {
      "nodeId": "sablier-state",
      "status": "success"
    },
    {
      "nodeId": "sf-balance",
      "status": "success"
    },
    {
      "nodeId": "threshold",
      "status": "success"
    },
    {
      "nodeId": "sablier-unlock",
      "status": "success"
    },
    {
      "nodeId": "alloc",
      "status": "success"
    }
  ],
  "progress": {
    "totalSteps": 0,
    "completedSteps": 12,
    "runningSteps": 0,
    "currentNodeId": null,
    "currentNodeName": null,
    "percentage": 0
  },
  "errorContext": null
}
=== PART-02-XMTP-INBOX-TRIGGER ===
Importing /Users/sam/FlowWage/flowwage_workflow/workflows/FLOWWAGE_05_XMTP_INBOX_TRIGGER.workflow.json
workflow_id=b1nxarwdxmbtu5qwvqdra
execution_id=zuioebjhnoo6qobpkstn7
status=running
status=running
status=running
status=success
{
  "status": "success",
  "nodeStatuses": [
    {
      "nodeId": "trigger-1",
      "status": "success"
    },
    {
      "nodeId": "xmtp-sub",
      "status": "success"
    },
    {
      "nodeId": "xmtp-parse",
      "status": "success"
    },
    {
      "nodeId": "xmtp-ack",
      "status": "success"
    }
  ],
  "progress": {
    "totalSteps": 0,
    "completedSteps": 4,
    "runningSteps": 0,
    "currentNodeId": null,
    "currentNodeName": null,
    "percentage": 0
  },
  "errorContext": null
}
=== PART-03-EXECUTION-GATE ===
Importing /Users/sam/FlowWage/flowwage_workflow/workflows/FLOWWAGE_02_EXECUTION_GATE.workflow.json
workflow_id=c1wcz3vbu0nzvjvxdvacd
execution_id=zxjzrnv68x2gco4hzats2
status=running
status=running
status=running
status=running
status=running
status=error
{
  "status": "error",
  "nodeStatuses": [
    {
      "nodeId": "rate-window",
      "status": "success"
    },
    {
      "nodeId": "trigger-1",
      "status": "success"
    },
    {
      "nodeId": "alloc",
      "status": "success"
    },
    {
      "nodeId": "persona-approved",
      "status": "success"
    },
    {
      "nodeId": "off-corridors",
      "status": "success"
    },
    {
      "nodeId": "off-rate",
      "status": "success"
    },
    {
      "nodeId": "xmtp-parse",
      "status": "success"
    },
    {
      "nodeId": "convert-check",
      "status": "success"
    },
    {
      "nodeId": "super-route",
      "status": "success"
    },
    {
      "nodeId": "persona-status",
      "status": "success"
    },
    {
      "nodeId": "persona-corridors",
      "status": "success"
    },
    {
      "nodeId": "persona-limits",
      "status": "success"
    },
    {
      "nodeId": "persona-webhook-sub",
      "status": "success"
    },
    {
      "nodeId": "off-quote",
      "status": "success"
    },
    {
      "nodeId": "super-init",
      "status": "error"
    }
  ],
  "progress": {
    "totalSteps": 0,
    "completedSteps": 15,
    "runningSteps": 0,
    "currentNodeId": null,
    "currentNodeName": null,
    "percentage": 0
  },
  "errorContext": {
    "failedNodeId": null,
    "lastSuccessfulNodeId": "super-route",
    "lastSuccessfulNodeName": "Superchain Route Quote",
    "executionTrace": [
      "trigger-1",
      "xmtp-parse",
      "alloc",
      "convert-check",
      "persona-status",
      "persona-corridors",
      "persona-limits",
      "persona-webhook-sub",
      "persona-approved",
      "off-corridors",
      "off-quote",
      "off-rate",
      "rate-window",
      "super-route",
      "super-init"
    ],
    "error": "Failed to initiate transfer: execution reverted: \"ERC20: transfer amount exceeds allowance\" (action=\"estimateGas\", data=\"0x08c379a00000000000000000000000000000000000000000000000000000000000000020000000000000000000000000000000000000000000000000000000000000002845524332303a207472616e7366657220616d6f756e74206578636565647320616c6c6f77616e6365000000000000000000000000000000000000000000000000\", reason=\"ERC20: transfer amount exceeds allowance\", transaction={ \"data\": \"0xad5425c6000000000000000000000000a0f2d73ef040eea360ff007db2ef301ee778684c000000000000000000000000a0f2d73ef040eea360ff007db2ef301ee778684c0000000000000000000000005fd84259d66cd46123540766be93dfe6d43130d70000000000000000000000001c7d4b196cb0c7b01d743fbc6116a902379c723800000000000000000000000000000000000000000000000000000000000f424000000000000000000000000000000000000000000000000000000000000f3f280000000000000000000000000000000000000000000000000000000000aa36a700000000000000000000000000000000000000000000000000000000000000000000000000000000000000000000000000000000000000000000000069f713dc0000000000000000000000000000000000000000000000000000000069f72ffc00000000000000000000000000000000000000000000000000000000000000000000000000000000000000000000000000000000000000000000000000000180000000000000000000000000000000000000000000000000000000000000000073c0de\", \"from\": \"0xa0f2d73eF040eEA360FF007Db2Ef301ee778684C\", \"to\": \"0x4e8E101924eDE233C13e2D8622DC8aED2872d505\" }, invocation=null, revert={ \"args\": [ \"ERC20: transfer amount exceeds allowance\" ], \"name\": \"Error\", \"signature\": \"Error(string)\" }, code=CALL_EXCEPTION, version=6.16.0)"
  }
}
=== PART-04-DEFERRED-RESUME ===
Importing /Users/sam/FlowWage/flowwage_workflow/workflows/FLOWWAGE_03_DEFERRED_RESUME.workflow.json
workflow_id=2ghwt5dnwo9q5decc4l4k
execution_id=apzj1lr4wh6zsatfudtxj
status=running
status=running
status=running
status=success
{
  "status": "success",
  "nodeStatuses": [
    {
      "nodeId": "approved",
      "status": "success"
    },
    {
      "nodeId": "notify-wait",
      "status": "success"
    },
    {
      "nodeId": "trigger-1",
      "status": "success"
    },
    {
      "nodeId": "persona-status",
      "status": "success"
    },
    {
      "nodeId": "persona-corridors",
      "status": "success"
    },
    {
      "nodeId": "persona-limits",
      "status": "success"
    }
  ],
  "progress": {
    "totalSteps": 0,
    "completedSteps": 6,
    "runningSteps": 0,
    "currentNodeId": null,
    "currentNodeName": null,
    "percentage": 0
  },
  "errorContext": null
}
=== PART-05-WEEKLY-REBALANCER ===
Importing /Users/sam/FlowWage/flowwage_workflow/workflows/FLOWWAGE_04_WEEKLY_REBALANCER.workflow.json
workflow_id=jtbharl301gjksek6ym36
execution_id=pgj35nmru3a6sdur3140d
status=running
status=running
status=error
{
  "status": "error",
  "nodeStatuses": [
    {
      "nodeId": "apyrule",
      "status": "success"
    },
    {
      "nodeId": "init-transfer",
      "status": "error"
    },
    {
      "nodeId": "trigger-1",
      "status": "success"
    },
    {
      "nodeId": "balance",
      "status": "success"
    },
    {
      "nodeId": "rebalance-check",
      "status": "success"
    },
    {
      "nodeId": "route-quote",
      "status": "success"
    }
  ],
  "progress": {
    "totalSteps": 0,
    "completedSteps": 6,
    "runningSteps": 0,
    "currentNodeId": null,
    "currentNodeName": null,
    "percentage": 0
  },
  "errorContext": {
    "failedNodeId": null,
    "lastSuccessfulNodeId": "route-quote",
    "lastSuccessfulNodeName": "Superchain Route Quote",
    "executionTrace": [
      "trigger-1",
      "balance",
      "apyrule",
      "rebalance-check",
      "route-quote",
      "init-transfer"
    ],
    "error": "Failed to initiate transfer: execution reverted: \"ERC20: transfer amount exceeds allowance\" (action=\"estimateGas\", data=\"0x08c379a00000000000000000000000000000000000000000000000000000000000000020000000000000000000000000000000000000000000000000000000000000002845524332303a207472616e7366657220616d6f756e74206578636565647320616c6c6f77616e6365000000000000000000000000000000000000000000000000\", reason=\"ERC20: transfer amount exceeds allowance\", transaction={ \"data\": \"0xad5425c6000000000000000000000000a0f2d73ef040eea360ff007db2ef301ee778684c000000000000000000000000a0f2d73ef040eea360ff007db2ef301ee778684c0000000000000000000000005fd84259d66cd46123540766be93dfe6d43130d70000000000000000000000001c7d4b196cb0c7b01d743fbc6116a902379c723800000000000000000000000000000000000000000000000000000000000f424000000000000000000000000000000000000000000000000000000000000f3f280000000000000000000000000000000000000000000000000000000000aa36a700000000000000000000000000000000000000000000000000000000000000000000000000000000000000000000000000000000000000000000000069f715080000000000000000000000000000000000000000000000000000000069f7312800000000000000000000000000000000000000000000000000000000000000000000000000000000000000000000000000000000000000000000000000000180000000000000000000000000000000000000000000000000000000000000000073c0de\", \"from\": \"0xa0f2d73eF040eEA360FF007Db2Ef301ee778684C\", \"to\": \"0x4e8E101924eDE233C13e2D8622DC8aED2872d505\" }, invocation=null, revert={ \"args\": [ \"ERC20: transfer amount exceeds allowance\" ], \"name\": \"Error\", \"signature\": \"Error(string)\" }, code=CALL_EXCEPTION, version=6.16.0)"
  }
}
SUITE_LOG=/Users/sam/FlowWage/flowwage_workflow/logs/full-flow-suite-20260503-150250.log
SUITE_REPORT=/Users/sam/FlowWage/flowwage_workflow/logs/full-flow-suite-20260503-150250.report.json
