=== PART-01-INCOME-SENTINEL ===
Importing /Users/sam/FlowWage/flowwage_workflow/workflows/FLOWWAGE_01_INCOME_SENTINEL.workflow.json
workflow_id=vmtyagb9s8oatlaeyfa8r
execution_id=z6kqzls5n4lqjy1sock71
status=running
status=error
{
  "status": "error",
  "nodeStatuses": [
    {
      "nodeId": "rf-sub",
      "status": "success"
    },
    {
      "nodeId": "trigger-1",
      "status": "success"
    },
    {
      "nodeId": "sablier-sub",
      "status": "success"
    },
    {
      "nodeId": "sf-events",
      "status": "success"
    },
    {
      "nodeId": "rf-history",
      "status": "success"
    },
    {
      "nodeId": "web3-balance",
      "status": "error"
    },
    {
      "nodeId": "sf-incoming",
      "status": "success"
    },
    {
      "nodeId": "sablier-state",
      "status": "success"
    },
    {
      "nodeId": "sablier-unlock",
      "status": "error"
    },
    {
      "nodeId": "sf-balance",
      "status": "error"
    }
  ],
  "progress": {
    "totalSteps": 0,
    "completedSteps": 9,
    "runningSteps": 0,
    "currentNodeId": null,
    "currentNodeName": null,
    "percentage": 0
  },
  "errorContext": {
    "failedNodeId": null,
    "lastSuccessfulNodeId": "sablier-state",
    "lastSuccessfulNodeName": "Sablier Stream State",
    "executionTrace": [
      "trigger-1",
      "rf-sub",
      "sablier-sub",
      "rf-history",
      "sf-events",
      "sf-incoming",
      "sablier-state",
      "sf-balance",
      "sablier-unlock"
    ],
    "error": "Failed to check token balance: could not decode result data (value=\"0x\", info={ \"method\": \"decimals\", \"signature\": \"decimals()\" }, code=BAD_DATA, version=6.16.0)"
  }
}
=== PART-02-XMTP-INBOX-TRIGGER ===
Importing /Users/sam/FlowWage/flowwage_workflow/workflows/FLOWWAGE_05_XMTP_INBOX_TRIGGER.workflow.json
workflow_id=dygv58xey46tojuse9hvu
execution_id=m61b90fcx3yk35l6fut1b
status=running
status=running
status=running
status=running
status=running
status=running
status=running
status=running
status=running
status=running
status=running
status=running
status=running
status=running
status=running
status=error
{
  "status": "error",
  "nodeStatuses": [
    {
      "nodeId": "trigger-1",
      "status": "success"
    },
    {
      "nodeId": "xmtp-sub",
      "status": "error"
    }
  ],
  "progress": {
    "totalSteps": 0,
    "completedSteps": 2,
    "runningSteps": 0,
    "currentNodeId": null,
    "currentNodeName": null,
    "percentage": 0
  },
  "errorContext": {
    "failedNodeId": null,
    "lastSuccessfulNodeId": "trigger-1",
    "lastSuccessfulNodeName": "Manual Trigger",
    "executionTrace": [
      "trigger-1",
      "xmtp-sub"
    ],
    "error": "Failed to initialize XMTP listener context: Pool error: timed out waiting for connection: Unable to open the database file"
  }
}
=== PART-03-EXECUTION-GATE ===
Importing /Users/sam/FlowWage/flowwage_workflow/workflows/FLOWWAGE_02_EXECUTION_GATE.workflow.json
workflow_id=wessmyl62krkej149507q
execution_id=phewqvgowex45cbbywwjx
status=running
status=running
status=running
status=running
status=running
status=running
status=running
status=running
status=running
status=running
status=running
status=running
status=running
status=running
status=running
status=running
status=error
{
  "status": "error",
  "nodeStatuses": [
    {
      "nodeId": "persona-limits",
      "status": "success"
    },
    {
      "nodeId": "convert-check",
      "status": "success"
    },
    {
      "nodeId": "persona-status",
      "status": "success"
    },
    {
      "nodeId": "persona-webhook-sub",
      "status": "success"
    },
    {
      "nodeId": "xmtp-kyc",
      "status": "error"
    },
    {
      "nodeId": "trigger-1",
      "status": "success"
    },
    {
      "nodeId": "xmtp-parse",
      "status": "success"
    },
    {
      "nodeId": "persona-corridors",
      "status": "success"
    },
    {
      "nodeId": "alloc",
      "status": "success"
    },
    {
      "nodeId": "persona-approved",
      "status": "success"
    },
    {
      "nodeId": "persona-create",
      "status": "success"
    }
  ],
  "progress": {
    "totalSteps": 0,
    "completedSteps": 11,
    "runningSteps": 0,
    "currentNodeId": null,
    "currentNodeName": null,
    "percentage": 0
  },
  "errorContext": {
    "failedNodeId": null,
    "lastSuccessfulNodeId": "persona-create",
    "lastSuccessfulNodeName": "Create Persona Inquiry",
    "executionTrace": [
      "trigger-1",
      "xmtp-parse",
      "alloc",
      "convert-check",
      "persona-status",
      "persona-corridors",
      "persona-limits",
      "persona-webhook-sub",
      "persona-approved",
      "persona-create",
      "xmtp-kyc"
    ],
    "error": "Failed to send XMTP message: Pool error: timed out waiting for connection: Unable to open the database file"
  }
}
=== PART-04-DEFERRED-RESUME ===
Importing /Users/sam/FlowWage/flowwage_workflow/workflows/FLOWWAGE_03_DEFERRED_RESUME.workflow.json
workflow_id=7uzce7jb2rlz5gwnm58dv
execution_id=qja4txouulxxg9nvk6y1w
status=running
status=running
status=running
status=running
status=running
status=running
status=running
status=running
status=running
status=running
status=running
status=running
status=running
status=running
status=running
status=running
status=error
{
  "status": "error",
  "nodeStatuses": [
    {
      "nodeId": "approved",
      "status": "success"
    },
    {
      "nodeId": "persona-status",
      "status": "success"
    },
    {
      "nodeId": "notify-wait",
      "status": "error"
    },
    {
      "nodeId": "persona-corridors",
      "status": "success"
    },
    {
      "nodeId": "trigger-1",
      "status": "success"
    },
    {
      "nodeId": "persona-limits",
      "status": "success"
    }
  ],
  "progress": {
    "totalSteps": 0,
    "completedSteps": 6,
    "runningSteps": 0,
    "currentNodeId": null,
    "currentNodeName": null,
    "percentage": 0
  },
  "errorContext": {
    "failedNodeId": null,
    "lastSuccessfulNodeId": "approved",
    "lastSuccessfulNodeName": "Approved?",
    "executionTrace": [
      "trigger-1",
      "persona-status",
      "persona-corridors",
      "persona-limits",
      "approved",
      "notify-wait"
    ],
    "error": "Failed to send XMTP message: Pool error: timed out waiting for connection: Unable to open the database file"
  }
}
=== PART-05-WEEKLY-REBALANCER ===
Importing /Users/sam/FlowWage/flowwage_workflow/workflows/FLOWWAGE_04_WEEKLY_REBALANCER.workflow.json
workflow_id=6d2bcvye364sm2oxa3rls
execution_id=hh4kclflfgtjxolxag5sv
status=error
{
  "status": "error",
  "nodeStatuses": [
    {
      "nodeId": "trigger-1",
      "status": "success"
    },
    {
      "nodeId": "balance",
      "status": "error"
    }
  ],
  "progress": {
    "totalSteps": 0,
    "completedSteps": 2,
    "runningSteps": 0,
    "currentNodeId": null,
    "currentNodeName": null,
    "percentage": 0
  },
  "errorContext": {
    "failedNodeId": null,
    "lastSuccessfulNodeId": "trigger-1",
    "lastSuccessfulNodeName": "Weekly Schedule",
    "executionTrace": [
      "trigger-1",
      "balance"
    ],
    "error": "Failed to check token balance: could not decode result data (value=\"0x\", info={ \"method\": \"balanceOf\", \"signature\": \"balanceOf(address)\" }, code=BAD_DATA, version=6.16.0)"
  }
}
SUITE_LOG=/Users/sam/FlowWage/flowwage_workflow/logs/full-flow-suite-20260503-125506.log
